2024-08-18 13:03:50 [[34minfo[39m]: Server started on http://localhost:3000
2024-08-18 13:03:57 [[34minfo[39m]: Root route accessed
2024-08-18 13:17:59 [[34minfo[39m]: Server started on http://localhost:3000
2024-08-18 13:37:03 [[34minfo[39m]: Server started on http://localhost:3000
2024-08-18 13:41:06 [[34minfo[39m]: Server started on http://localhost:3000
2024-08-18 13:43:25 [[34minfo[39m]: Server started on http://localhost:3000
2024-08-18 13:45:01 [[34minfo[39m]: Server started on http://localhost:3000
2024-08-18 13:46:55 [[34minfo[39m]: Server started on http://localhost:3000
2024-08-18 13:48:50 [[34minfo[39m]: Server started on http://localhost:3000
2024-08-18 13:49:19 [[34minfo[39m]: Server started on http://localhost:3000
2024-08-18 13:49:55 [[34minfo[39m]: Server started on http://localhost:3000
2024-08-18 13:51:44 [[34minfo[39m]: Server started on http://localhost:3000
2024-08-18 13:51:59 [[34minfo[39m]: Server started on http://localhost:3000
2024-08-18 13:52:14 [[34minfo[39m]: Server started on http://localhost:3000
2024-08-18 13:52:48 [[34minfo[39m]: Server started on http://localhost:3000
2024-08-18 13:53:56 [[34minfo[39m]: Server started on http://localhost:3000
2024-08-18 13:54:24 [[34minfo[39m]: Server started on http://localhost:3000
2024-08-18 13:55:36 [[34minfo[39m]: Server started on http://localhost:3000
2024-08-18 13:55:38 [[34minfo[39m]: Server started on http://localhost:3000
2024-08-18 14:03:51 [[34minfo[39m]: Server started on http://localhost:3000
2024-08-18 14:03:52 [[34minfo[39m]: Server started on http://localhost:3000
2024-08-18 14:04:34 [[34minfo[39m]: Server started on http://localhost:3000
2024-08-18 14:04:46 [[34minfo[39m]: Server started on http://localhost:3000
2024-08-18 14:05:09 [[34minfo[39m]: Server started on http://localhost:3000
2024-08-18 14:05:56 [[34minfo[39m]: Server started on http://localhost:3000
2024-08-18 14:06:17 [[34minfo[39m]: Server started on http://localhost:3000
2024-08-18 14:09:34 [[34minfo[39m]: Server started on http://localhost:3000
2024-08-18 14:10:03 [[34minfo[39m]: Server started on http://localhost:3000
2024-08-18 14:10:14 [[34minfo[39m]: Server started on http://localhost:3000
2024-08-18 14:10:54 [[34minfo[39m]: Server started on http://localhost:3000
2024-08-18 14:11:27 [[34minfo[39m]: Server started on http://localhost:3000
2024-08-18 14:11:30 [[34minfo[39m]: Server started on http://localhost:3000
2024-08-18 14:11:32 [[34minfo[39m]: Server started on http://localhost:3000
2024-08-18 14:13:51 [[34minfo[39m]: Server started on http://localhost:3000
2024-08-18 14:13:57 [[31merror[39m]: An error occurred while sending message to RabbitMQ
2024-08-18 14:14:36 [[34minfo[39m]: Server started on http://localhost:3000
2024-08-18 14:14:42 [[31merror[39m]: An error occurred while sending message to RabbitMQ Cannot destructure property 'message' of 'request.body' as it is undefined.
2024-08-18 14:15:20 [[34minfo[39m]: Server started on http://localhost:3000
2024-08-18 14:15:34 [[34minfo[39m]: Server started on http://localhost:3000
2024-08-18 14:15:38 [[34minfo[39m]: undefined
2024-08-18 14:15:38 [[31merror[39m]: An error occurred while sending message to RabbitMQ Cannot destructure property 'message' of 'request.body' as it is undefined.
2024-08-18 14:16:28 [[34minfo[39m]: Server started on http://localhost:3000
2024-08-18 14:16:32 [[34minfo[39m]: Hello omsa4code
2024-08-18 14:16:32 [[31merror[39m]: Error connecting to RabbitMQ server
2024-08-18 14:16:32 [[31merror[39m]: An error occurred while sending message to RabbitMQ
2024-08-18 15:01:48 [[34minfo[39m]: Server started on http://localhost:3000
2024-08-18 15:12:33 [[34minfo[39m]: Hello omsa4code
2024-08-18 15:12:33 [[31merror[39m]: Error connecting to RabbitMQ server Handshake terminated by server: 403 (ACCESS-REFUSED) with message "ACCESS_REFUSED - Login was refused using authentication mechanism PLAIN. For details see the broker logfile."
2024-08-18 15:12:33 [[31merror[39m]: An error occurred while sending message to RabbitMQ Handshake terminated by server: 403 (ACCESS-REFUSED) with message "ACCESS_REFUSED - Login was refused using authentication mechanism PLAIN. For details see the broker logfile."
2024-08-18 15:13:16 [[34minfo[39m]: Server started on http://localhost:3000
2024-08-18 15:13:18 [[34minfo[39m]: Hello omsa4code
2024-08-18 15:13:18 [[31merror[39m]: Error connecting to RabbitMQ server Expected ConnectionOpenOk; got <ConnectionClose channel:0>
2024-08-18 15:13:18 [[31merror[39m]: An error occurred while sending message to RabbitMQ Expected ConnectionOpenOk; got <ConnectionClose channel:0>
2024-08-18 15:13:53 [[34minfo[39m]: Server started on http://localhost:3000
2024-08-18 15:14:01 [[34minfo[39m]: Hello omsa4code
2024-08-18 15:14:07 [[31merror[39m]: Error connecting to RabbitMQ server Socket closed abruptly during opening handshake
2024-08-18 15:14:07 [[31merror[39m]: An error occurred while sending message to RabbitMQ Socket closed abruptly during opening handshake
2024-08-18 15:15:10 [[34minfo[39m]: Server started on http://localhost:3000
2024-08-18 15:15:50 [[34minfo[39m]: Hello omsa4code
2024-08-18 15:15:50 [[31merror[39m]: Error connecting to RabbitMQ server Expected ConnectionOpenOk; got <ConnectionClose channel:0>
2024-08-18 15:15:50 [[31merror[39m]: An error occurred while sending message to RabbitMQ Expected ConnectionOpenOk; got <ConnectionClose channel:0>
2024-08-18 15:17:47 [[34minfo[39m]: Hello omsa4code
2024-08-18 15:17:47 [[31merror[39m]: Error connecting to RabbitMQ server Socket closed abruptly during opening handshake
2024-08-18 15:17:47 [[31merror[39m]: An error occurred while sending message to RabbitMQ Socket closed abruptly during opening handshake
2024-08-18 15:20:14 [[34minfo[39m]: Server started on http://localhost:3000
2024-08-18 15:20:47 [[34minfo[39m]: Hello omsa4code
2024-08-18 15:20:50 [[31merror[39m]: Error connecting to RabbitMQ server getaddrinfo ENOTFOUND rabbitmq
2024-08-18 15:20:50 [[31merror[39m]: An error occurred while sending message to RabbitMQ getaddrinfo ENOTFOUND rabbitmq
2024-08-18 15:30:01 [[34minfo[39m]: Server started on http://localhost:3000
2024-08-18 15:30:04 [[34minfo[39m]: Hello omsa4code
2024-08-18 15:30:07 [[31merror[39m]: Error connecting to RabbitMQ server getaddrinfo ENOTFOUND rabbitmq
2024-08-18 15:30:07 [[31merror[39m]: An error occurred while sending message to RabbitMQ getaddrinfo ENOTFOUND rabbitmq
2024-08-18 15:30:25 [[34minfo[39m]: Root route accessed
2024-08-18 15:36:00 [[34minfo[39m]: Server started on http://localhost:3000
2024-08-18 15:36:05 [[34minfo[39m]: Hello omsa4code
2024-08-18 15:36:05 [[34minfo[39m]: Connected to RabbitMQ server at amqp://omsa4code:omsa4code@localhost:5672//
2024-08-18 15:36:05 [[34minfo[39m]: Message published to queue: my-queue, message: Hello omsa4code
2024-08-18 15:36:05 [[34minfo[39m]: Connection to RabbitMQ server closed
2024-08-18 15:37:41 [[34minfo[39m]: Hello omsa4code hhhh
2024-08-18 15:37:41 [[34minfo[39m]: Connected to RabbitMQ server at amqp://omsa4code:omsa4code@localhost:5672//
2024-08-18 15:37:41 [[34minfo[39m]: Message published to queue: my-queue, message: Hello omsa4code hhhh
2024-08-18 15:37:41 [[34minfo[39m]: Connection to RabbitMQ server closed
2024-08-18 15:43:53 [[34minfo[39m]: Server started on http://localhost:3000
2024-08-18 15:43:58 [[34minfo[39m]: Server started on http://localhost:3000
